<?xml version="1.0" encoding="UTF-8"?>
<testsuite name="MainTest" tests="5" skipped="0" failures="0" errors="0" timestamp="2026-09-10T04:39:02.284Z" hostname="alice" time="0.022">
  <properties/>
  <testcase name="sortReverseArray()" classname="MainTest" time="0.016"/>
  <testcase name="sortEmptyArray()" classname="MainTest" time="0.003"/>
  <testcase name="sortWithDuplicates()" classname="MainTest" time="0.001"/>
  <testcase name="sortRandomArray()" classname="MainTest" time="0.0"/>
  <testcase name="sortAlreadySortedArray()" classname="MainTest" time="0.001"/>
  <system-out><![CDATA[]]></system-out>
  <system-err><![CDATA[]]></system-err>
</testsuite>
